<?xml version="1.0" encoding="UTF-8" standalone="no"?>
<!DOCTYPE log SYSTEM "logger.dtd">
<log>
<record>
  <date>2017-10-30T14:27:27.911-0300</date>
  <logger>RENATO DANTAS HENRIQUES</logger>
  <level>FINE</level>
  <message>File 116210613-RENATO DANTAS HENRIQUES.zip was received. It was sent by RENATO DANTAS HENRIQUES from IP 150.165.42.116</message>
</record>
</log>
<?xml version="1.0" encoding="UTF-8" standalone="no"?>
<!DOCTYPE log SYSTEM "logger.dtd">
<log>
<record>
  <date>2017-10-30T15:59:13.934-0300</date>
  <logger>RENATO DANTAS HENRIQUES</logger>
  <level>FINE</level>
  <message>File 116210613-RENATO DANTAS HENRIQUES.zip was received. It was sent by RENATO DANTAS HENRIQUES from IP 150.165.42.116</message>
</record>
</log>
<?xml version="1.0" encoding="UTF-8" standalone="no"?>
<!DOCTYPE log SYSTEM "logger.dtd">
<log>
<record>
  <date>2017-10-30T16:03:49.030-0300</date>
  <logger>RENATO DANTAS HENRIQUES</logger>
  <level>FINE</level>
  <message>File 116210613-RENATO DANTAS HENRIQUES.zip was received. It was sent by RENATO DANTAS HENRIQUES from IP 150.165.42.116</message>
</record>
</log>
<?xml version="1.0" encoding="UTF-8" standalone="no"?>
<!DOCTYPE log SYSTEM "logger.dtd">
<log>
<record>
  <date>2017-10-30T17:33:19.856-0300</date>
  <logger>RENATO DANTAS HENRIQUES</logger>
  <level>FINE</level>
  <message>File 116210613-RENATO DANTAS HENRIQUES.zip was received. It was sent by RENATO DANTAS HENRIQUES from IP 192.168.56.1</message>
</record>
</log>
<?xml version="1.0" encoding="UTF-8" standalone="no"?>
<!DOCTYPE log SYSTEM "logger.dtd">
<log>
<record>
  <date>2017-10-30T17:35:36.804-0300</date>
  <logger>RENATO DANTAS HENRIQUES</logger>
  <level>FINE</level>
  <message>File 116210613-RENATO DANTAS HENRIQUES.zip was received. It was sent by RENATO DANTAS HENRIQUES from IP 192.168.56.1</message>
</record>
</log>
<?xml version="1.0" encoding="UTF-8" standalone="no"?>
<!DOCTYPE log SYSTEM "logger.dtd">
<log>
<record>
  <date>2017-10-30T17:48:58.789-0300</date>
  <logger>RENATO DANTAS HENRIQUES</logger>
  <level>FINE</level>
  <message>File 116210613-RENATO DANTAS HENRIQUES.zip was received. It was sent by RENATO DANTAS HENRIQUES from IP 192.168.56.1</message>
</record>
</log>
<?xml version="1.0" encoding="UTF-8" standalone="no"?>
<!DOCTYPE log SYSTEM "logger.dtd">
<log>
<record>
  <date>2017-10-30T17:51:03.921-0300</date>
  <logger>RENATO DANTAS HENRIQUES</logger>
  <level>FINE</level>
  <message>File 116210613-RENATO DANTAS HENRIQUES.zip was received. It was sent by RENATO DANTAS HENRIQUES from IP 192.168.56.1</message>
</record>
</log>
<?xml version="1.0" encoding="UTF-8" standalone="no"?>
<!DOCTYPE log SYSTEM "logger.dtd">
<log>
<record>
  <date>2017-10-30T17:53:00.929-0300</date>
  <logger>RENATO DANTAS HENRIQUES</logger>
  <level>FINE</level>
  <message>File 116210613-RENATO DANTAS HENRIQUES.zip was received. It was sent by RENATO DANTAS HENRIQUES from IP 192.168.56.1</message>
</record>
</log>
<?xml version="1.0" encoding="UTF-8" standalone="no"?>
<!DOCTYPE log SYSTEM "logger.dtd">
<log>
<record>
  <date>2017-10-30T18:15:11.606-0300</date>
  <logger>RENATO DANTAS HENRIQUES</logger>
  <level>FINE</level>
  <message>File 116210613-RENATO DANTAS HENRIQUES.zip was received. It was sent by RENATO DANTAS HENRIQUES from IP 192.168.56.1</message>
</record>
