<?xml version="1.0" encoding="UTF-8" standalone="no"?>
<!DOCTYPE log SYSTEM "logger.dtd">
<log>
<record>
  <date>2017-11-01T16:15:35.019-0300</date>
  <logger>RENATO DANTAS HENRIQUES</logger>
  <level>FINE</level>
  <message>File 116210613-RENATO DANTAS HENRIQUES.zip was received. It was sent by RENATO DANTAS HENRIQUES from IP 150.165.42.117</message>
</record>
</log>
<?xml version="1.0" encoding="UTF-8" standalone="no"?>
<!DOCTYPE log SYSTEM "logger.dtd">
<log>
<record>
  <date>2017-11-01T21:36:18.270-0300</date>
  <logger>RENATO DANTAS HENRIQUES</logger>
  <level>FINE</level>
  <message>File 116210613-RENATO DANTAS HENRIQUES.zip was received. It was sent by RENATO DANTAS HENRIQUES from IP 192.168.56.1</message>
</record>
</log>
<?xml version="1.0" encoding="UTF-8" standalone="no"?>
<!DOCTYPE log SYSTEM "logger.dtd">
<log>
<record>
  <date>2017-11-01T23:01:16.915-0300</date>
  <logger>RENATO DANTAS HENRIQUES</logger>
  <level>FINE</level>
  <message>File 116210613-RENATO DANTAS HENRIQUES.zip was received. It was sent by RENATO DANTAS HENRIQUES from IP 192.168.56.1</message>
</record>
</log>
<?xml version="1.0" encoding="UTF-8" standalone="no"?>
<!DOCTYPE log SYSTEM "logger.dtd">
<log>
<record>
  <date>2017-11-02T00:17:59.298-0300</date>
  <logger>RENATO DANTAS HENRIQUES</logger>
  <level>FINE</level>
  <message>File 116210613-RENATO DANTAS HENRIQUES.zip was received. It was sent by RENATO DANTAS HENRIQUES from IP 192.168.56.1</message>
</record>
</log>
<?xml version="1.0" encoding="UTF-8" standalone="no"?>
<!DOCTYPE log SYSTEM "logger.dtd">
<log>
<record>
  <date>2017-11-02T00:20:02.772-0300</date>
  <logger>RENATO DANTAS HENRIQUES</logger>
  <level>FINE</level>
  <message>File 116210613-RENATO DANTAS HENRIQUES.zip was received. It was sent by RENATO DANTAS HENRIQUES from IP 192.168.56.1</message>
</record>
</log>
<?xml version="1.0" encoding="UTF-8" standalone="no"?>
<!DOCTYPE log SYSTEM "logger.dtd">
<log>
<record>
  <date>2017-11-02T00:30:24.023-0300</date>
  <logger>RENATO DANTAS HENRIQUES</logger>
  <level>FINE</level>
  <message>File 116210613-RENATO DANTAS HENRIQUES.zip was received. It was sent by RENATO DANTAS HENRIQUES from IP 192.168.56.1</message>
</record>
</log>
<?xml version="1.0" encoding="UTF-8" standalone="no"?>
<!DOCTYPE log SYSTEM "logger.dtd">
<log>
<record>
  <date>2017-11-02T00:39:19.566-0300</date>
  <logger>RENATO DANTAS HENRIQUES</logger>
  <level>FINE</level>
  <message>File 116210613-RENATO DANTAS HENRIQUES.zip was received. It was sent by RENATO DANTAS HENRIQUES from IP 192.168.56.1</message>
</record>
</log>
<?xml version="1.0" encoding="UTF-8" standalone="no"?>
<!DOCTYPE log SYSTEM "logger.dtd">
<log>
<record>
  <date>2017-11-02T00:41:29.506-0300</date>
  <logger>RENATO DANTAS HENRIQUES</logger>
  <level>FINE</level>
  <message>File 116210613-RENATO DANTAS HENRIQUES.zip was received. It was sent by RENATO DANTAS HENRIQUES from IP 192.168.56.1</message>
</record>
