<?xml version="1.0" encoding="UTF-8" standalone="no"?>
<!DOCTYPE log SYSTEM "logger.dtd">
<log>
<record>
  <date>2017-11-27T14:20:58.692-0300</date>
  <logger>RENATO DANTAS HENRIQUES</logger>
  <level>FINE</level>
  <message>File 116210613-RENATO DANTAS HENRIQUES.zip was received. It was sent by RENATO DANTAS HENRIQUES from IP 150.165.42.134</message>
</record>
</log>
<?xml version="1.0" encoding="UTF-8" standalone="no"?>
<!DOCTYPE log SYSTEM "logger.dtd">
<log>
<record>
  <date>2017-11-27T15:56:19.066-0300</date>
  <logger>RENATO DANTAS HENRIQUES</logger>
  <level>FINE</level>
  <message>File 116210613-RENATO DANTAS HENRIQUES.zip was received. It was sent by RENATO DANTAS HENRIQUES from IP 150.165.42.134</message>
</record>
</log>
<?xml version="1.0" encoding="UTF-8" standalone="no"?>
<!DOCTYPE log SYSTEM "logger.dtd">
<log>
<record>
  <date>2017-11-27T23:34:57.895-0300</date>
  <logger>RENATO DANTAS HENRIQUES</logger>
  <level>FINE</level>
  <message>File 116210613-RENATO DANTAS HENRIQUES.zip was received. It was sent by RENATO DANTAS HENRIQUES from IP 192.168.2.153</message>
</record>
</log>
<?xml version="1.0" encoding="UTF-8" standalone="no"?>
<!DOCTYPE log SYSTEM "logger.dtd">
<log>
<record>
  <date>2017-11-27T23:35:36.310-0300</date>
  <logger>RENATO DANTAS HENRIQUES</logger>
  <level>FINE</level>
  <message>File 116210613-RENATO DANTAS HENRIQUES.zip was received. It was sent by RENATO DANTAS HENRIQUES from IP 192.168.2.153</message>
</record>
