<?xml version="1.0" encoding="UTF-8" standalone="no"?>
<!DOCTYPE log SYSTEM "logger.dtd">
<log>
<record>
  <date>2017-12-06T16:13:06.613-0300</date>
  <logger>RENATO DANTAS HENRIQUES</logger>
  <level>FINE</level>
  <message>File 116210613-RENATO DANTAS HENRIQUES.zip was received. It was sent by RENATO DANTAS HENRIQUES from IP 192.168.25.91</message>
</record>
</log>
<?xml version="1.0" encoding="UTF-8" standalone="no"?>
<!DOCTYPE log SYSTEM "logger.dtd">
<log>
<record>
  <date>2017-12-06T18:36:19.429-0300</date>
  <logger>RENATO DANTAS HENRIQUES</logger>
  <level>FINE</level>
  <message>File 116210613-RENATO DANTAS HENRIQUES.zip was received. It was sent by RENATO DANTAS HENRIQUES from IP 192.168.2.153</message>
</record>
</log>
<?xml version="1.0" encoding="UTF-8" standalone="no"?>
<!DOCTYPE log SYSTEM "logger.dtd">
<log>
<record>
  <date>2017-12-06T21:33:31.237-0300</date>
  <logger>RENATO DANTAS HENRIQUES</logger>
  <level>FINE</level>
  <message>File 116210613-RENATO DANTAS HENRIQUES.zip was received. It was sent by RENATO DANTAS HENRIQUES from IP 192.168.2.153</message>
</record>
</log>
<?xml version="1.0" encoding="UTF-8" standalone="no"?>
<!DOCTYPE log SYSTEM "logger.dtd">
<log>
<record>
  <date>2017-12-06T21:38:02.742-0300</date>
  <logger>RENATO DANTAS HENRIQUES</logger>
  <level>FINE</level>
  <message>File 116210613-RENATO DANTAS HENRIQUES.zip was received. It was sent by RENATO DANTAS HENRIQUES from IP 192.168.2.153</message>
</record>
</log>
<?xml version="1.0" encoding="UTF-8" standalone="no"?>
<!DOCTYPE log SYSTEM "logger.dtd">
<log>
<record>
  <date>2017-12-06T21:55:11.755-0300</date>
  <logger>RENATO DANTAS HENRIQUES</logger>
  <level>FINE</level>
  <message>File 116210613-RENATO DANTAS HENRIQUES.zip was received. It was sent by RENATO DANTAS HENRIQUES from IP 192.168.2.153</message>
</record>
</log>
<?xml version="1.0" encoding="UTF-8" standalone="no"?>
<!DOCTYPE log SYSTEM "logger.dtd">
<log>
<record>
  <date>2017-12-06T22:25:39.610-0300</date>
  <logger>RENATO DANTAS HENRIQUES</logger>
  <level>FINE</level>
  <message>File 116210613-RENATO DANTAS HENRIQUES.zip was received. It was sent by RENATO DANTAS HENRIQUES from IP 192.168.2.153</message>
</record>
