<?xml version="1.0" encoding="UTF-8" standalone="no"?>
<!DOCTYPE log SYSTEM "logger.dtd">
<log>
<record>
  <date>2017-12-13T16:07:48.130-0300</date>
  <logger>RENATO DANTAS HENRIQUES</logger>
  <level>FINE</level>
  <message>File 116210613-RENATO DANTAS HENRIQUES.zip was received. It was sent by RENATO DANTAS HENRIQUES from IP 150.165.42.159</message>
</record>
</log>
<?xml version="1.0" encoding="UTF-8" standalone="no"?>
<!DOCTYPE log SYSTEM "logger.dtd">
<log>
<record>
  <date>2017-12-13T17:31:48.615-0300</date>
  <logger>RENATO DANTAS HENRIQUES</logger>
  <level>FINE</level>
  <message>File 116210613-RENATO DANTAS HENRIQUES.zip was received. It was sent by RENATO DANTAS HENRIQUES from IP 150.165.42.159</message>
</record>
</log>
<?xml version="1.0" encoding="UTF-8" standalone="no"?>
<!DOCTYPE log SYSTEM "logger.dtd">
<log>
<record>
  <date>2017-12-13T17:52:17.916-0300</date>
  <logger>RENATO DANTAS HENRIQUES</logger>
  <level>FINE</level>
  <message>File 116210613-RENATO DANTAS HENRIQUES.zip was received. It was sent by RENATO DANTAS HENRIQUES from IP 150.165.42.159</message>
</record>
</log>
<?xml version="1.0" encoding="UTF-8" standalone="no"?>
<!DOCTYPE log SYSTEM "logger.dtd">
<log>
<record>
  <date>2017-12-13T17:53:59.082-0300</date>
  <logger>RENATO DANTAS HENRIQUES</logger>
  <level>FINE</level>
  <message>File 116210613-RENATO DANTAS HENRIQUES.zip was received. It was sent by RENATO DANTAS HENRIQUES from IP 150.165.42.159</message>
</record>
